#
# There is insufficient memory for the Java Runtime Environment to continue.
# Native memory allocation (malloc) failed to allocate 32744 bytes for Chunk::new
# Possible reasons:
#   The system is out of physical RAM or swap space
#   The process is running with CompressedOops enabled, and the Java Heap may be blocking the growth of the native heap
# Possible solutions:
#   Reduce memory load on the system
#   Increase physical memory or swap space
#   Check if swap backing store is full
#   Decrease Java heap size (-Xmx/-Xms)
#   Decrease number of Java threads
#   Decrease Java thread stack sizes (-Xss)
#   Set larger code cache with -XX:ReservedCodeCacheSize=
#   JVM is running with Zero Based Compressed Oops mode in which the Java heap is
#     placed in the first 32GB address space. The Java Heap base address is the
#     maximum limit for the native heap growth. Please use -XX:HeapBaseMinAddress
#     to set the Java Heap base and to place the Java Heap above 32GB virtual address.
# This output file may be truncated or incomplete.
#
#  Out of Memory Error (arena.cpp:166), pid=13968, tid=15424
#
# JRE version: Java(TM) SE Runtime Environment (21.0+35) (build 21+35-LTS-2513)
# Java VM: Java HotSpot(TM) 64-Bit Server VM (21+35-LTS-2513, mixed mode, sharing, tiered, compressed oops, compressed class ptrs, g1 gc, windows-amd64)
# No core dump will be written. Minidumps are not enabled by default on client versions of Windows
#

---------------  S U M M A R Y ------------

Command Line: -agentlib:jdwp=transport=dt_socket,server=n,suspend=y,address=localhost:61356 -XX:+ShowCodeDetailsInExceptionMessages com.example.demo.DemoApplication

Host: Intel(R) Core(TM) i7-8550U CPU @ 1.80GHz, 8 cores, 15G,  Windows 10 , 64 bit Build 19041 (10.0.19041.3636)
Time: Sun Mar 31 03:04:55 2024 Morocco Standard Time elapsed time: 5460.127340 seconds (0d 1h 31m 0s)

---------------  T H R E A D  ---------------

Current thread (0x0000020c598000d0):  JavaThread "C2 CompilerThread0" daemon [_thread_in_native, id=15424, stack(0x000000c5a6600000,0x000000c5a6700000) (1024K)]


Current CompileTask:
C2:5460127 8325       4       java.util.TreeMap::put (221 bytes)

Stack: [0x000000c5a6600000,0x000000c5a6700000]
Native frames: (J=compiled Java code, j=interpreted, Vv=VM code, C=native code)
V  [jvm.dll+0x6c8d39]
V  [jvm.dll+0x854091]
V  [jvm.dll+0x85630e]
V  [jvm.dll+0x8569e3]
V  [jvm.dll+0x2809a6]
V  [jvm.dll+0xc3e6d]
V  [jvm.dll+0xc4383]
V  [jvm.dll+0x1460ee]
V  [jvm.dll+0x145092]
V  [jvm.dll+0x6ce368]
V  [jvm.dll+0x249bcd]
V  [jvm.dll+0x248de1]
V  [jvm.dll+0x1c9b91]
V  [jvm.dll+0x2583e9]
V  [jvm.dll+0x2569ca]
V  [jvm.dll+0x3eef66]
V  [jvm.dll+0x7fd2c8]
V  [jvm.dll+0x6c748d]
C  [ucrtbase.dll+0x21bb2]
C  [KERNEL32.DLL+0x17344]
C  [ntdll.dll+0x526b1]


---------------  P R O C E S S  ---------------

Threads class SMR info:
_java_thread_list=0x0000020ca7721920, length=33, elements={
0x0000020c597f0660, 0x0000020c597f2540, 0x0000020c597f6820, 0x0000020c597f7280,
0x0000020c597f8520, 0x0000020c597f9a80, 0x0000020c598000d0, 0x0000020c5980a910,
0x0000020c59b02450, 0x0000020c59b03920, 0x0000020c59b049c0, 0x0000020c59b0a1b0,
0x0000020c59b16400, 0x0000020ca30eed10, 0x0000020ca38b4d50, 0x0000020ca38601c0,
0x0000020ca2fd7ed0, 0x0000020ca6aa0410, 0x0000020ca6aa17c0, 0x0000020ca6aa1e50,
0x0000020ca6a9f6f0, 0x0000020ca6a9fd80, 0x0000020ca2871710, 0x0000020ca286fcd0,
0x0000020ca286efb0, 0x0000020ca286dc00, 0x0000020ca2871da0, 0x0000020ca286e920,
0x0000020ca2872ac0, 0x0000020ca2870360, 0x0000020ca28709f0, 0x0000020ca2873150,
0x0000020ca28737e0
}

Java Threads: ( => current thread )
  0x0000020c597f0660 JavaThread "Reference Handler"          daemon [_thread_blocked, id=3428, stack(0x000000c5a6000000,0x000000c5a6100000) (1024K)]
  0x0000020c597f2540 JavaThread "Finalizer"                  daemon [_thread_blocked, id=18436, stack(0x000000c5a6100000,0x000000c5a6200000) (1024K)]
  0x0000020c597f6820 JavaThread "Signal Dispatcher"          daemon [_thread_blocked, id=11360, stack(0x000000c5a6200000,0x000000c5a6300000) (1024K)]
  0x0000020c597f7280 JavaThread "Attach Listener"            daemon [_thread_blocked, id=23172, stack(0x000000c5a6300000,0x000000c5a6400000) (1024K)]
  0x0000020c597f8520 JavaThread "Service Thread"             daemon [_thread_blocked, id=21176, stack(0x000000c5a6400000,0x000000c5a6500000) (1024K)]
  0x0000020c597f9a80 JavaThread "Monitor Deflation Thread"   daemon [_thread_blocked, id=21368, stack(0x000000c5a6500000,0x000000c5a6600000) (1024K)]
=>0x0000020c598000d0 JavaThread "C2 CompilerThread0"         daemon [_thread_in_native, id=15424, stack(0x000000c5a6600000,0x000000c5a6700000) (1024K)]
  0x0000020c5980a910 JavaThread "C1 CompilerThread0"         daemon [_thread_blocked, id=17780, stack(0x000000c5a6700000,0x000000c5a6800000) (1024K)]
  0x0000020c59b02450 JavaThread "JDWP Transport Listener: dt_socket" daemon [_thread_blocked, id=4864, stack(0x000000c5a6800000,0x000000c5a6900000) (1024K)]
  0x0000020c59b03920 JavaThread "JDWP Event Helper Thread"   daemon [_thread_blocked, id=720, stack(0x000000c5a6900000,0x000000c5a6a00000) (1024K)]
  0x0000020c59b049c0 JavaThread "JDWP Command Reader"        daemon [_thread_in_native, id=12252, stack(0x000000c5a6a00000,0x000000c5a6b00000) (1024K)]
  0x0000020c59b0a1b0 JavaThread "Notification Thread"        daemon [_thread_blocked, id=21172, stack(0x000000c5a6b00000,0x000000c5a6c00000) (1024K)]
  0x0000020c59b16400 JavaThread "Common-Cleaner"             daemon [_thread_blocked, id=4816, stack(0x000000c5a6c00000,0x000000c5a6d00000) (1024K)]
  0x0000020ca30eed10 JavaThread "Catalina-utility-1"                [_thread_blocked, id=20056, stack(0x000000c5a7900000,0x000000c5a7a00000) (1024K)]
  0x0000020ca38b4d50 JavaThread "Catalina-utility-2"                [_thread_blocked, id=18772, stack(0x000000c5a7a00000,0x000000c5a7b00000) (1024K)]
  0x0000020ca38601c0 JavaThread "container-0"                       [_thread_blocked, id=12248, stack(0x000000c5a7b00000,0x000000c5a7c00000) (1024K)]
  0x0000020ca2fd7ed0 JavaThread "mysql-cj-abandoned-connection-cleanup" daemon [_thread_blocked, id=18716, stack(0x000000c5a7c00000,0x000000c5a7d00000) (1024K)]
  0x0000020ca6aa0410 JavaThread "HikariPool-1 housekeeper"   daemon [_thread_blocked, id=12836, stack(0x000000c5a7e00000,0x000000c5a7f00000) (1024K)]
  0x0000020ca6aa17c0 JavaThread "File Watcher"               daemon [_thread_blocked, id=19656, stack(0x000000c5a8000000,0x000000c5a8100000) (1024K)]
  0x0000020ca6aa1e50 JavaThread "Live Reload Server"         daemon [_thread_in_native, id=8560, stack(0x000000c5a8200000,0x000000c5a8300000) (1024K)]
  0x0000020ca6a9f6f0 JavaThread "http-nio-8080-exec-1"       daemon [_thread_blocked, id=20140, stack(0x000000c5a8100000,0x000000c5a8200000) (1024K)]
  0x0000020ca6a9fd80 JavaThread "http-nio-8080-exec-2"       daemon [_thread_blocked, id=17636, stack(0x000000c5a8300000,0x000000c5a8400000) (1024K)]
  0x0000020ca2871710 JavaThread "http-nio-8080-exec-3"       daemon [_thread_blocked, id=21424, stack(0x000000c5a8400000,0x000000c5a8500000) (1024K)]
  0x0000020ca286fcd0 JavaThread "http-nio-8080-exec-4"       daemon [_thread_blocked, id=2960, stack(0x000000c5a8500000,0x000000c5a8600000) (1024K)]
  0x0000020ca286efb0 JavaThread "http-nio-8080-exec-5"       daemon [_thread_blocked, id=17596, stack(0x000000c5a8600000,0x000000c5a8700000) (1024K)]
  0x0000020ca286dc00 JavaThread "http-nio-8080-exec-6"       daemon [_thread_blocked, id=20040, stack(0x000000c5a8700000,0x000000c5a8800000) (1024K)]
  0x0000020ca2871da0 JavaThread "http-nio-8080-exec-7"       daemon [_thread_blocked, id=9872, stack(0x000000c5a8800000,0x000000c5a8900000) (1024K)]
  0x0000020ca286e920 JavaThread "http-nio-8080-exec-8"       daemon [_thread_blocked, id=22304, stack(0x000000c5a8900000,0x000000c5a8a00000) (1024K)]
  0x0000020ca2872ac0 JavaThread "http-nio-8080-exec-9"       daemon [_thread_blocked, id=6724, stack(0x000000c5a8a00000,0x000000c5a8b00000) (1024K)]
  0x0000020ca2870360 JavaThread "http-nio-8080-exec-10"      daemon [_thread_blocked, id=18924, stack(0x000000c5a8b00000,0x000000c5a8c00000) (1024K)]
  0x0000020ca28709f0 JavaThread "http-nio-8080-Poller"       daemon [_thread_in_native, id=20592, stack(0x000000c5a8c00000,0x000000c5a8d00000) (1024K)]
  0x0000020ca2873150 JavaThread "http-nio-8080-Acceptor"     daemon [_thread_in_native, id=20936, stack(0x000000c5a8d00000,0x000000c5a8e00000) (1024K)]
  0x0000020ca28737e0 JavaThread "DestroyJavaVM"                     [_thread_blocked, id=22748, stack(0x000000c5a5800000,0x000000c5a5900000) (1024K)]
Total: 33

Other Threads:
  0x0000020c597d0410 VMThread "VM Thread"                           [id=21068, stack(0x000000c5a5f00000,0x000000c5a6000000) (1024K)]
  0x0000020c597b9c00 WatcherThread "VM Periodic Task Thread"        [id=17348, stack(0x000000c5a5e00000,0x000000c5a5f00000) (1024K)]
  0x0000020c3a996530 WorkerThread "GC Thread#0"                     [id=19860, stack(0x000000c5a5900000,0x000000c5a5a00000) (1024K)]
  0x0000020c9f8b1250 WorkerThread "GC Thread#1"                     [id=19076, stack(0x000000c5a7000000,0x000000c5a7100000) (1024K)]
  0x0000020c9f8b15f0 WorkerThread "GC Thread#2"                     [id=17748, stack(0x000000c5a7100000,0x000000c5a7200000) (1024K)]
  0x0000020c9fc9af90 WorkerThread "GC Thread#3"                     [id=19472, stack(0x000000c5a7200000,0x000000c5a7300000) (1024K)]
  0x0000020c9f8b1990 WorkerThread "GC Thread#4"                     [id=10828, stack(0x000000c5a7300000,0x000000c5a7400000) (1024K)]
  0x0000020c9fcad4d0 WorkerThread "GC Thread#5"                     [id=19312, stack(0x000000c5a7400000,0x000000c5a7500000) (1024K)]
  0x0000020c9fd0f660 WorkerThread "GC Thread#6"                     [id=11028, stack(0x000000c5a7500000,0x000000c5a7600000) (1024K)]
  0x0000020c9fcf6ee0 WorkerThread "GC Thread#7"                     [id=19660, stack(0x000000c5a7700000,0x000000c5a7800000) (1024K)]
  0x0000020c3a9a6b20 ConcurrentGCThread "G1 Main Marker"            [id=19616, stack(0x000000c5a5a00000,0x000000c5a5b00000) (1024K)]
  0x0000020c3a9a87e0 WorkerThread "G1 Conc#0"                       [id=18164, stack(0x000000c5a5b00000,0x000000c5a5c00000) (1024K)]
  0x0000020c9fcf6b40 WorkerThread "G1 Conc#1"                       [id=6940, stack(0x000000c5a7600000,0x000000c5a7700000) (1024K)]
  0x0000020c3a9de7e0 ConcurrentGCThread "G1 Refine#0"               [id=21984, stack(0x000000c5a5c00000,0x000000c5a5d00000) (1024K)]
  0x0000020c3a929c20 ConcurrentGCThread "G1 Service"                [id=4780, stack(0x000000c5a5d00000,0x000000c5a5e00000) (1024K)]
Total: 15

Threads with active compile tasks:
C2 CompilerThread0  5460195 8325       4       java.util.TreeMap::put (221 bytes)
Total: 1

VM state: not at safepoint (normal execution)

VM Mutex/Monitor currently owned by a thread: None

Heap address: 0x0000000709e00000, size: 3938 MB, Compressed Oops mode: Zero based, Oop shift amount: 3

CDS archive(s) mapped at: [0x0000020c5a000000-0x0000020c5ac90000-0x0000020c5ac90000), size 13172736, SharedBaseAddress: 0x0000020c5a000000, ArchiveRelocationMode: 1.
Compressed class space mapped at: 0x0000020c5b000000-0x0000020c9b000000, reserved size: 1073741824
Narrow klass base: 0x0000020c5a000000, Narrow klass shift: 0, Narrow klass range: 0x100000000

GC Precious Log:
 CardTable entry size: 512
 Card Set container configuration: InlinePtr #cards 4 size 8 Array Of Cards #cards 16 size 48 Howl #buckets 8 coarsen threshold 3686 Howl Bitmap #cards 512 size 80 coarsen threshold 460 Card regions per heap region 1 cards per card region 4096
 CPUs: 8 total, 8 available
 Memory: 15747M
 Large Page Support: Disabled
 NUMA Support: Disabled
 Compressed Oops: Enabled (Zero based)
 Heap Region Size: 2M
 Heap Min Capacity: 8M
 Heap Initial Capacity: 248M
 Heap Max Capacity: 3938M
 Pre-touch: Disabled
 Parallel Workers: 8
 Concurrent Workers: 2
 Concurrent Refinement Workers: 8
 Periodic GC: Disabled

Heap:
 garbage-first heap   total 79872K, used 53985K [0x0000000709e00000, 0x0000000800000000)
  region size 2048K, 8 young (16384K), 1 survivors (2048K)
 Metaspace       used 77257K, committed 79168K, reserved 1179648K
  class space    used 10052K, committed 10752K, reserved 1048576K

Heap Regions: E=young(eden), S=young(survivor), O=old, HS=humongous(starts), HC=humongous(continues), CS=collection set, F=free, TAMS=top-at-mark-start, PB=parsable bottom
|   0|0x0000000709e00000, 0x000000070a000000, 0x000000070a000000|100%| O|  |TAMS 0x0000000709e00000| PB 0x0000000709e00000| Untracked 
|   1|0x000000070a000000, 0x000000070a200000, 0x000000070a200000|100%| O|  |TAMS 0x000000070a000000| PB 0x000000070a000000| Untracked 
|   2|0x000000070a200000, 0x000000070a400000, 0x000000070a400000|100%| O|  |TAMS 0x000000070a200000| PB 0x000000070a200000| Untracked 
|   3|0x000000070a400000, 0x000000070a600000, 0x000000070a600000|100%| O|Cm|TAMS 0x000000070a400000| PB 0x000000070a400000| Complete 
|   4|0x000000070a600000, 0x000000070a800000, 0x000000070a800000|100%| O|  |TAMS 0x000000070a600000| PB 0x000000070a600000| Untracked 
|   5|0x000000070a800000, 0x000000070aa00000, 0x000000070aa00000|100%| O|  |TAMS 0x000000070a800000| PB 0x000000070a800000| Untracked 
|   6|0x000000070aa00000, 0x000000070ac00000, 0x000000070ac00000|100%| O|  |TAMS 0x000000070aa00000| PB 0x000000070aa00000| Untracked 
|   7|0x000000070ac00000, 0x000000070ae00000, 0x000000070ae00000|100%| O|  |TAMS 0x000000070ac00000| PB 0x000000070ac00000| Untracked 
|   8|0x000000070ae00000, 0x000000070b000000, 0x000000070b000000|100%| O|  |TAMS 0x000000070ae00000| PB 0x000000070ae00000| Untracked 
|   9|0x000000070b000000, 0x000000070b200000, 0x000000070b200000|100%| O|  |TAMS 0x000000070b000000| PB 0x000000070b000000| Untracked 
|  10|0x000000070b200000, 0x000000070b400000, 0x000000070b400000|100%| O|Cm|TAMS 0x000000070b200000| PB 0x000000070b200000| Complete 
|  11|0x000000070b400000, 0x000000070b600000, 0x000000070b600000|100%| O|  |TAMS 0x000000070b400000| PB 0x000000070b400000| Untracked 
|  12|0x000000070b600000, 0x000000070b800000, 0x000000070b800000|100%| O|  |TAMS 0x000000070b600000| PB 0x000000070b600000| Untracked 
|  13|0x000000070b800000, 0x000000070ba00000, 0x000000070ba00000|100%| O|  |TAMS 0x000000070b800000| PB 0x000000070b800000| Untracked 
|  14|0x000000070ba00000, 0x000000070ba00000, 0x000000070bc00000|  0%| F|  |TAMS 0x000000070ba00000| PB 0x000000070ba00000| Untracked 
|  15|0x000000070bc00000, 0x000000070be00000, 0x000000070be00000|100%| O|Cm|TAMS 0x000000070bc00000| PB 0x000000070bc00000| Complete 
|  16|0x000000070be00000, 0x000000070c000000, 0x000000070c000000|100%| O|Cm|TAMS 0x000000070be00000| PB 0x000000070be00000| Complete 
|  17|0x000000070c000000, 0x000000070c200000, 0x000000070c200000|100%| O|Cm|TAMS 0x000000070c000000| PB 0x000000070c000000| Complete 
|  18|0x000000070c200000, 0x000000070c400000, 0x000000070c400000|100%| O|Cm|TAMS 0x000000070c200000| PB 0x000000070c200000| Complete 
|  19|0x000000070c400000, 0x000000070c600000, 0x000000070c600000|100%| O|Cm|TAMS 0x000000070c400000| PB 0x000000070c400000| Complete 
|  20|0x000000070c600000, 0x000000070c7f24e0, 0x000000070c800000| 97%| O|  |TAMS 0x000000070c600000| PB 0x000000070c600000| Untracked 
|  21|0x000000070c800000, 0x000000070c800000, 0x000000070ca00000|  0%| F|  |TAMS 0x000000070c800000| PB 0x000000070c800000| Untracked 
|  22|0x000000070ca00000, 0x000000070ca00000, 0x000000070cc00000|  0%| F|  |TAMS 0x000000070ca00000| PB 0x000000070ca00000| Untracked 
|  23|0x000000070cc00000, 0x000000070ccc5fa0, 0x000000070ce00000| 38%| S|CS|TAMS 0x000000070cc00000| PB 0x000000070cc00000| Complete 
|  24|0x000000070ce00000, 0x000000070ce00000, 0x000000070d000000|  0%| F|  |TAMS 0x000000070ce00000| PB 0x000000070ce00000| Untracked 
|  25|0x000000070d000000, 0x000000070d000000, 0x000000070d200000|  0%| F|  |TAMS 0x000000070d000000| PB 0x000000070d000000| Untracked 
|  26|0x000000070d200000, 0x000000070d200000, 0x000000070d400000|  0%| F|  |TAMS 0x000000070d200000| PB 0x000000070d200000| Untracked 
|  27|0x000000070d400000, 0x000000070d400000, 0x000000070d600000|  0%| F|  |TAMS 0x000000070d400000| PB 0x000000070d400000| Untracked 
|  28|0x000000070d600000, 0x000000070d600000, 0x000000070d800000|  0%| F|  |TAMS 0x000000070d600000| PB 0x000000070d600000| Untracked 
|  29|0x000000070d800000, 0x000000070d800000, 0x000000070da00000|  0%| F|  |TAMS 0x000000070d800000| PB 0x000000070d800000| Untracked 
|  30|0x000000070da00000, 0x000000070da00000, 0x000000070dc00000|  0%| F|  |TAMS 0x000000070da00000| PB 0x000000070da00000| Untracked 
|  31|0x000000070dc00000, 0x000000070dc00000, 0x000000070de00000|  0%| F|  |TAMS 0x000000070dc00000| PB 0x000000070dc00000| Untracked 
|  32|0x000000070de00000, 0x000000070df55cf8, 0x000000070e000000| 66%| E|  |TAMS 0x000000070de00000| PB 0x000000070de00000| Complete 
|  33|0x000000070e000000, 0x000000070e200000, 0x000000070e200000|100%| E|CS|TAMS 0x000000070e000000| PB 0x000000070e000000| Complete 
| 100|0x0000000716600000, 0x0000000716800000, 0x0000000716800000|100%| E|CS|TAMS 0x0000000716600000| PB 0x0000000716600000| Complete 
| 101|0x0000000716800000, 0x0000000716a00000, 0x0000000716a00000|100%| E|CS|TAMS 0x0000000716800000| PB 0x0000000716800000| Complete 
| 102|0x0000000716a00000, 0x0000000716c00000, 0x0000000716c00000|100%| E|CS|TAMS 0x0000000716a00000| PB 0x0000000716a00000| Complete 
| 103|0x0000000716c00000, 0x0000000716e00000, 0x0000000716e00000|100%| E|CS|TAMS 0x0000000716c00000| PB 0x0000000716c00000| Complete 
| 123|0x0000000719400000, 0x0000000719600000, 0x0000000719600000|100%| E|CS|TAMS 0x0000000719400000| PB 0x0000000719400000| Complete 

Card table byte_map: [0x0000020c52860000,0x0000020c53020000] _byte_map_base: 0x0000020c4f011000

Marking Bits: (CMBitMap*) 0x0000020c3a996c30
 Bits: [0x0000020c53020000, 0x0000020c56da8000)

Polling page: 0x0000020c388d0000

Metaspace:

Usage:
  Non-class:     65.63 MB used.
      Class:      9.82 MB used.
       Both:     75.45 MB used.

Virtual space:
  Non-class space:      128.00 MB reserved,      66.81 MB ( 52%) committed,  2 nodes.
      Class space:        1.00 GB reserved,      10.50 MB (  1%) committed,  1 nodes.
             Both:        1.12 GB reserved,      77.31 MB (  7%) committed. 

Chunk freelists:
   Non-Class:  13.60 MB
       Class:  5.90 MB
        Both:  19.50 MB

MaxMetaspaceSize: unlimited
CompressedClassSpaceSize: 1.00 GB
Initial GC threshold: 21.00 MB
Current GC threshold: 128.88 MB
CDS: on
 - commit_granule_bytes: 65536.
 - commit_granule_words: 8192.
 - virtual_space_node_default_size: 8388608.
 - enlarge_chunks_in_place: 1.
 - use_allocation_guard: 0.


Internal statistics:

num_allocs_failed_limit: 9.
num_arena_births: 1688.
num_arena_deaths: 848.
num_vsnodes_births: 3.
num_vsnodes_deaths: 0.
num_space_committed: 1237.
num_space_uncommitted: 0.
num_chunks_returned_to_freelist: 997.
num_chunks_taken_from_freelist: 4700.
num_chunk_merges: 319.
num_chunk_splits: 3313.
num_chunks_enlarged: 2417.
num_inconsistent_stats: 0.

CodeHeap 'non-profiled nmethods': size=120000Kb used=4415Kb max_used=5456Kb free=115584Kb
 bounds [0x0000020c4a840000, 0x0000020c4ada0000, 0x0000020c51d70000]
CodeHeap 'profiled nmethods': size=120000Kb used=12110Kb max_used=14951Kb free=107889Kb
 bounds [0x0000020c42d70000, 0x0000020c43c10000, 0x0000020c4a2a0000]
CodeHeap 'non-nmethods': size=5760Kb used=2980Kb max_used=3032Kb free=2779Kb
 bounds [0x0000020c4a2a0000, 0x0000020c4a5b0000, 0x0000020c4a840000]
 total_blobs=6804 nmethods=5819 adapters=886
 compilation: enabled
              stopped_count=0, restarted_count=0
 full_count=0

Compilation events (20 events):
Event: 5364.414 Thread 0x0000020c5980a910 nmethod 8314 0x0000020c42f10210 code [0x0000020c42f10460, 0x0000020c42f10c68]
Event: 5366.619 Thread 0x0000020c5980a910 8316       3       com.mysql.cj.protocol.a.NativePacketPayload::writeBytes (10 bytes)
Event: 5366.620 Thread 0x0000020c5980a910 nmethod 8316 0x0000020c42e32490 code [0x0000020c42e32640, 0x0000020c42e327c8]
Event: 5371.375 Thread 0x0000020c5980a910 8319       1       java.net.InetSocketAddress$InetSocketAddressHolder::getAddress (5 bytes)
Event: 5371.375 Thread 0x0000020c5980a910 nmethod 8319 0x0000020c4a859210 code [0x0000020c4a8593a0, 0x0000020c4a859470]
Event: 5371.375 Thread 0x0000020c5980a910 8317       1       sun.nio.ch.OptionKey::level (5 bytes)
Event: 5371.375 Thread 0x0000020c5980a910 nmethod 8317 0x0000020c4a85da10 code [0x0000020c4a85dba0, 0x0000020c4a85dc68]
Event: 5371.375 Thread 0x0000020c5980a910 8318       1       sun.nio.ch.OptionKey::name (5 bytes)
Event: 5371.375 Thread 0x0000020c5980a910 nmethod 8318 0x0000020c4a860b10 code [0x0000020c4a860ca0, 0x0000020c4a860d68]
Event: 5371.377 Thread 0x0000020c5980a910 8320       1       com.mysql.cj.NativeCharsetSettings::getErrorMessageEncoding (5 bytes)
Event: 5371.377 Thread 0x0000020c5980a910 nmethod 8320 0x0000020c4a89a990 code [0x0000020c4a89ab20, 0x0000020c4a89abf0]
Event: 5371.377 Thread 0x0000020c5980a910 8321       1       com.mysql.cj.protocol.a.result.OkPacket::getWarningCount (5 bytes)
Event: 5371.378 Thread 0x0000020c5980a910 nmethod 8321 0x0000020c4a8acd10 code [0x0000020c4a8acea0, 0x0000020c4a8acf68]
Event: 5383.539 Thread 0x0000020c598000d0 8322       4       org.apache.coyote.AbstractProtocol$$Lambda/0x0000020c5b8bd638::run (8 bytes)
Event: 5383.547 Thread 0x0000020c598000d0 nmethod 8322 0x0000020c4a8a8b90 code [0x0000020c4a8a8d40, 0x0000020c4a8a9250]
Event: 5424.447 Thread 0x0000020c5980a910 8323       3       com.zaxxer.hikari.util.ClockSource::currentTime (9 bytes)
Event: 5424.448 Thread 0x0000020c5980a910 nmethod 8323 0x0000020c42ec3810 code [0x0000020c42ec39c0, 0x0000020c42ec3b48]
Event: 5424.448 Thread 0x0000020c5980a910 8324       3       com.zaxxer.hikari.util.ClockSource$NanosecondClockSource::currentTime0 (4 bytes)
Event: 5424.448 Thread 0x0000020c5980a910 nmethod 8324 0x0000020c43004f10 code [0x0000020c430050c0, 0x0000020c430051f0]
Event: 5460.084 Thread 0x0000020c598000d0 8325       4       java.util.TreeMap::put (221 bytes)

GC Heap History (20 events):
Event: 7.348 GC heap before
{Heap before GC invocations=12 (full 0):
 garbage-first heap   total 71680K, used 60262K [0x0000000709e00000, 0x0000000800000000)
  region size 2048K, 18 young (36864K), 2 survivors (4096K)
 Metaspace       used 64091K, committed 64896K, reserved 1114112K
  class space    used 8546K, committed 8896K, reserved 1048576K
}
Event: 7.353 GC heap after
{Heap after GC invocations=13 (full 0):
 garbage-first heap   total 71680K, used 31038K [0x0000000709e00000, 0x0000000800000000)
  region size 2048K, 3 young (6144K), 3 survivors (6144K)
 Metaspace       used 64091K, committed 64896K, reserved 1114112K
  class space    used 8546K, committed 8896K, reserved 1048576K
}
Event: 12.750 GC heap before
{Heap before GC invocations=13 (full 0):
 garbage-first heap   total 71680K, used 55614K [0x0000000709e00000, 0x0000000800000000)
  region size 2048K, 16 young (32768K), 3 survivors (6144K)
 Metaspace       used 68672K, committed 69440K, reserved 1114112K
  class space    used 9154K, committed 9472K, reserved 1048576K
}
Event: 12.760 GC heap after
{Heap after GC invocations=14 (full 0):
 garbage-first heap   total 71680K, used 34259K [0x0000000709e00000, 0x0000000800000000)
  region size 2048K, 2 young (4096K), 2 survivors (4096K)
 Metaspace       used 68672K, committed 69440K, reserved 1114112K
  class space    used 9154K, committed 9472K, reserved 1048576K
}
Event: 329.875 GC heap before
{Heap before GC invocations=14 (full 0):
 garbage-first heap   total 71680K, used 58835K [0x0000000709e00000, 0x0000000800000000)
  region size 2048K, 15 young (30720K), 2 survivors (4096K)
 Metaspace       used 73127K, committed 73920K, reserved 1114112K
  class space    used 9720K, committed 10048K, reserved 1048576K
}
Event: 329.880 GC heap after
{Heap after GC invocations=15 (full 0):
 garbage-first heap   total 71680K, used 35687K [0x0000000709e00000, 0x0000000800000000)
  region size 2048K, 1 young (2048K), 1 survivors (2048K)
 Metaspace       used 73127K, committed 73920K, reserved 1114112K
  class space    used 9720K, committed 10048K, reserved 1048576K
}
Event: 330.126 GC heap before
{Heap before GC invocations=15 (full 0):
 garbage-first heap   total 71680K, used 43879K [0x0000000709e00000, 0x0000000800000000)
  region size 2048K, 7 young (14336K), 1 survivors (2048K)
 Metaspace       used 74265K, committed 75264K, reserved 1114112K
  class space    used 9894K, committed 10368K, reserved 1048576K
}
Event: 330.129 GC heap after
{Heap after GC invocations=16 (full 0):
 garbage-first heap   total 71680K, used 38212K [0x0000000709e00000, 0x0000000800000000)
  region size 2048K, 2 young (4096K), 2 survivors (4096K)
 Metaspace       used 74265K, committed 75264K, reserved 1114112K
  class space    used 9894K, committed 10368K, reserved 1048576K
}
Event: 330.370 GC heap before
{Heap before GC invocations=17 (full 0):
 garbage-first heap   total 71680K, used 62788K [0x0000000709e00000, 0x0000000800000000)
  region size 2048K, 13 young (26624K), 2 survivors (4096K)
 Metaspace       used 76133K, committed 77056K, reserved 1179648K
  class space    used 10046K, committed 10432K, reserved 1048576K
}
Event: 330.374 GC heap after
{Heap after GC invocations=18 (full 0):
 garbage-first heap   total 71680K, used 40394K [0x0000000709e00000, 0x0000000800000000)
  region size 2048K, 2 young (4096K), 2 survivors (4096K)
 Metaspace       used 76133K, committed 77056K, reserved 1179648K
  class space    used 10046K, committed 10432K, reserved 1048576K
}
Event: 330.856 GC heap before
{Heap before GC invocations=18 (full 0):
 garbage-first heap   total 71680K, used 58826K [0x0000000709e00000, 0x0000000800000000)
  region size 2048K, 11 young (22528K), 2 survivors (4096K)
 Metaspace       used 77711K, committed 78784K, reserved 1179648K
  class space    used 10249K, committed 10752K, reserved 1048576K
}
Event: 330.861 GC heap after
{Heap after GC invocations=19 (full 0):
 garbage-first heap   total 71680K, used 41354K [0x0000000709e00000, 0x0000000800000000)
  region size 2048K, 2 young (4096K), 2 survivors (4096K)
 Metaspace       used 77711K, committed 78784K, reserved 1179648K
  class space    used 10249K, committed 10752K, reserved 1048576K
}
Event: 1003.848 GC heap before
{Heap before GC invocations=19 (full 0):
 garbage-first heap   total 71680K, used 59786K [0x0000000709e00000, 0x0000000800000000)
  region size 2048K, 11 young (22528K), 2 survivors (4096K)
 Metaspace       used 77925K, committed 78976K, reserved 1179648K
  class space    used 10252K, committed 10752K, reserved 1048576K
}
Event: 1003.852 GC heap after
{Heap after GC invocations=20 (full 0):
 garbage-first heap   total 71680K, used 41739K [0x0000000709e00000, 0x0000000800000000)
  region size 2048K, 1 young (2048K), 1 survivors (2048K)
 Metaspace       used 77925K, committed 78976K, reserved 1179648K
  class space    used 10252K, committed 10752K, reserved 1048576K
}
Event: 1803.777 GC heap before
{Heap before GC invocations=21 (full 0):
 garbage-first heap   total 79872K, used 60171K [0x0000000709e00000, 0x0000000800000000)
  region size 2048K, 10 young (20480K), 1 survivors (2048K)
 Metaspace       used 78034K, committed 79104K, reserved 1179648K
  class space    used 10263K, committed 10752K, reserved 1048576K
}
Event: 1803.785 GC heap after
{Heap after GC invocations=22 (full 0):
 garbage-first heap   total 79872K, used 42000K [0x0000000709e00000, 0x0000000800000000)
  region size 2048K, 1 young (2048K), 1 survivors (2048K)
 Metaspace       used 78034K, committed 79104K, reserved 1179648K
  class space    used 10263K, committed 10752K, reserved 1048576K
}
Event: 3574.703 GC heap before
{Heap before GC invocations=22 (full 0):
 garbage-first heap   total 79872K, used 68624K [0x0000000709e00000, 0x0000000800000000)
  region size 2048K, 14 young (28672K), 1 survivors (2048K)
 Metaspace       used 78084K, committed 79104K, reserved 1179648K
  class space    used 10263K, committed 10752K, reserved 1048576K
}
Event: 3574.712 GC heap after
{Heap after GC invocations=23 (full 0):
 garbage-first heap   total 79872K, used 41721K [0x0000000709e00000, 0x0000000800000000)
  region size 2048K, 1 young (2048K), 1 survivors (2048K)
 Metaspace       used 78084K, committed 79104K, reserved 1179648K
  class space    used 10263K, committed 10752K, reserved 1048576K
}
Event: 4889.606 GC heap before
{Heap before GC invocations=23 (full 0):
 garbage-first heap   total 79872K, used 70393K [0x0000000709e00000, 0x0000000800000000)
  region size 2048K, 15 young (30720K), 1 survivors (2048K)
 Metaspace       used 78110K, committed 79168K, reserved 1179648K
  class space    used 10263K, committed 10752K, reserved 1048576K
}
Event: 4889.617 GC heap after
{Heap after GC invocations=24 (full 0):
 garbage-first heap   total 79872K, used 41697K [0x0000000709e00000, 0x0000000800000000)
  region size 2048K, 1 young (2048K), 1 survivors (2048K)
 Metaspace       used 78110K, committed 79168K, reserved 1179648K
  class space    used 10263K, committed 10752K, reserved 1048576K
}

Dll operation events (11 events):
Event: 0.007 Loaded shared library C:\Program Files\Java\jdk-21\bin\java.dll
Event: 0.037 Loaded shared library C:\Program Files\Java\jdk-21\bin\jsvml.dll
Event: 0.233 Loaded shared library C:\Program Files\Java\jdk-21\bin\net.dll
Event: 0.234 Loaded shared library C:\Program Files\Java\jdk-21\bin\nio.dll
Event: 0.236 Loaded shared library C:\Program Files\Java\jdk-21\bin\zip.dll
Event: 0.354 Loaded shared library C:\Program Files\Java\jdk-21\bin\jimage.dll
Event: 0.657 Loaded shared library C:\Program Files\Java\jdk-21\bin\management.dll
Event: 0.659 Loaded shared library C:\Program Files\Java\jdk-21\bin\management_ext.dll
Event: 1.588 Loaded shared library C:\Program Files\Java\jdk-21\bin\sunmscapi.dll
Event: 4.441 Loaded shared library C:\Program Files\Java\jdk-21\bin\verify.dll
Event: 4.760 Loaded shared library C:\Program Files\Java\jdk-21\bin\extnet.dll

Deoptimization events (20 events):
Event: 4263.547 Thread 0x0000020ca38b4d50 Uncommon trap: trap_request=0xffffffd6 fr.pc=0x0000020c4a9b8ee8 relative=0x0000000000000728
Event: 4263.547 Thread 0x0000020ca38b4d50 Uncommon trap: reason=array_check action=maybe_recompile pc=0x0000020c4a9b8ee8 method=java.util.concurrent.ScheduledThreadPoolExecutor$DelayedWorkQueue.siftDown(ILjava/util/concurrent/RunnableScheduledFuture;)V @ 112 c2
Event: 4263.547 Thread 0x0000020ca38b4d50 DEOPT PACKING pc=0x0000020c4a9b8ee8 sp=0x000000c5a7afeea0
Event: 4263.547 Thread 0x0000020ca38b4d50 DEOPT UNPACKING pc=0x0000020c4a2f46a2 sp=0x000000c5a7afedf0 mode 2
Event: 5384.541 Thread 0x0000020ca38b4d50 Uncommon trap: trap_request=0xffffffbe fr.pc=0x0000020c4a8a920c relative=0x00000000000004cc
Event: 5384.541 Thread 0x0000020ca38b4d50 Uncommon trap: reason=profile_predicate action=maybe_recompile pc=0x0000020c4a8a920c method=java.util.concurrent.ConcurrentHashMap$Traverser.advance()Ljava/util/concurrent/ConcurrentHashMap$Node; @ 15 c2
Event: 5384.541 Thread 0x0000020ca38b4d50 DEOPT PACKING pc=0x0000020c4a8a920c sp=0x000000c5a7afef90
Event: 5384.541 Thread 0x0000020ca38b4d50 DEOPT UNPACKING pc=0x0000020c4a2f46a2 sp=0x000000c5a7afed38 mode 2
Event: 5385.542 Thread 0x0000020ca38b4d50 Uncommon trap: trap_request=0xffffffbe fr.pc=0x0000020c4a8a920c relative=0x00000000000004cc
Event: 5385.542 Thread 0x0000020ca38b4d50 Uncommon trap: reason=profile_predicate action=maybe_recompile pc=0x0000020c4a8a920c method=java.util.concurrent.ConcurrentHashMap$Traverser.advance()Ljava/util/concurrent/ConcurrentHashMap$Node; @ 15 c2
Event: 5385.542 Thread 0x0000020ca38b4d50 DEOPT PACKING pc=0x0000020c4a8a920c sp=0x000000c5a7afef90
Event: 5385.542 Thread 0x0000020ca38b4d50 DEOPT UNPACKING pc=0x0000020c4a2f46a2 sp=0x000000c5a7afed38 mode 2
Event: 5386.545 Thread 0x0000020ca38b4d50 Uncommon trap: trap_request=0xffffffbe fr.pc=0x0000020c4a8a920c relative=0x00000000000004cc
Event: 5386.545 Thread 0x0000020ca38b4d50 Uncommon trap: reason=profile_predicate action=maybe_recompile pc=0x0000020c4a8a920c method=java.util.concurrent.ConcurrentHashMap$Traverser.advance()Ljava/util/concurrent/ConcurrentHashMap$Node; @ 15 c2
Event: 5386.545 Thread 0x0000020ca38b4d50 DEOPT PACKING pc=0x0000020c4a8a920c sp=0x000000c5a7afef90
Event: 5386.545 Thread 0x0000020ca38b4d50 DEOPT UNPACKING pc=0x0000020c4a2f46a2 sp=0x000000c5a7afed38 mode 2
Event: 5387.550 Thread 0x0000020ca38b4d50 Uncommon trap: trap_request=0xffffffbe fr.pc=0x0000020c4a8a920c relative=0x00000000000004cc
Event: 5387.550 Thread 0x0000020ca38b4d50 Uncommon trap: reason=profile_predicate action=maybe_recompile pc=0x0000020c4a8a920c method=java.util.concurrent.ConcurrentHashMap$Traverser.advance()Ljava/util/concurrent/ConcurrentHashMap$Node; @ 15 c2
Event: 5387.550 Thread 0x0000020ca38b4d50 DEOPT PACKING pc=0x0000020c4a8a920c sp=0x000000c5a7afef90
Event: 5387.550 Thread 0x0000020ca38b4d50 DEOPT UNPACKING pc=0x0000020c4a2f46a2 sp=0x000000c5a7afed38 mode 2

Classes loaded (20 events):
Event: 1762.282 Loading class java/security/UnrecoverableKeyException
Event: 1762.282 Loading class java/security/UnrecoverableEntryException
Event: 1762.282 Loading class java/security/UnrecoverableEntryException done
Event: 1762.282 Loading class java/security/UnrecoverableKeyException done
Event: 1762.282 Loading class java/security/KeyStoreException
Event: 1762.282 Loading class java/security/KeyStoreException done
Event: 1762.282 Loading class java/security/KeyManagementException
Event: 1762.282 Loading class java/security/KeyManagementException done
Event: 1762.284 Loading class javax/net/ssl/TrustManager
Event: 1762.285 Loading class javax/net/ssl/TrustManager done
Event: 1762.285 Loading class javax/crypto/NoSuchPaddingException
Event: 1762.285 Loading class javax/crypto/NoSuchPaddingException done
Event: 1762.285 Loading class javax/crypto/IllegalBlockSizeException
Event: 1762.286 Loading class javax/crypto/IllegalBlockSizeException done
Event: 1762.286 Loading class javax/crypto/BadPaddingException
Event: 1762.286 Loading class javax/crypto/BadPaddingException done
Event: 1762.286 Loading class java/security/spec/InvalidKeySpecException
Event: 1762.286 Loading class java/security/spec/InvalidKeySpecException done
Event: 1762.287 Loading class javax/net/ssl/SSLSocket
Event: 1762.288 Loading class javax/net/ssl/SSLSocket done

Classes unloaded (20 events):
Event: 4889.707 Thread 0x0000020c597d0410 Unloading class 0x0000020c5b039000 'java/lang/invoke/LambdaForm$MH+0x0000020c5b039000'
Event: 4889.707 Thread 0x0000020c597d0410 Unloading class 0x0000020c5b038c00 'java/lang/invoke/LambdaForm$MH+0x0000020c5b038c00'
Event: 4889.707 Thread 0x0000020c597d0410 Unloading class 0x0000020c5b038800 'java/lang/invoke/LambdaForm$MH+0x0000020c5b038800'
Event: 4889.707 Thread 0x0000020c597d0410 Unloading class 0x0000020c5b038000 'java/lang/invoke/LambdaForm$MH+0x0000020c5b038000'
Event: 4889.707 Thread 0x0000020c597d0410 Unloading class 0x0000020c5b034800 'java/lang/invoke/LambdaForm$MH+0x0000020c5b034800'
Event: 4889.707 Thread 0x0000020c597d0410 Unloading class 0x0000020c5b01b400 'java/lang/invoke/LambdaForm$MH+0x0000020c5b01b400'
Event: 4889.708 Thread 0x0000020c597d0410 Unloading class 0x0000020c5b01ac00 'java/lang/invoke/LambdaForm$MH+0x0000020c5b01ac00'
Event: 4889.708 Thread 0x0000020c597d0410 Unloading class 0x0000020c5b01a400 'java/lang/invoke/LambdaForm$MH+0x0000020c5b01a400'
Event: 4889.708 Thread 0x0000020c597d0410 Unloading class 0x0000020c5b01a000 'java/lang/invoke/LambdaForm$MH+0x0000020c5b01a000'
Event: 4889.708 Thread 0x0000020c597d0410 Unloading class 0x0000020c5b019000 'java/lang/invoke/LambdaForm$MH+0x0000020c5b019000'
Event: 4889.708 Thread 0x0000020c597d0410 Unloading class 0x0000020c5b018400 'java/lang/invoke/LambdaForm$MH+0x0000020c5b018400'
Event: 4889.708 Thread 0x0000020c597d0410 Unloading class 0x0000020c5b018000 'java/lang/invoke/LambdaForm$MH+0x0000020c5b018000'
Event: 4889.708 Thread 0x0000020c597d0410 Unloading class 0x0000020c5b017800 'java/lang/invoke/LambdaForm$MH+0x0000020c5b017800'
Event: 4889.708 Thread 0x0000020c597d0410 Unloading class 0x0000020c5b017400 'java/lang/invoke/LambdaForm$MH+0x0000020c5b017400'
Event: 4889.708 Thread 0x0000020c597d0410 Unloading class 0x0000020c5b017000 'java/lang/invoke/LambdaForm$MH+0x0000020c5b017000'
Event: 4889.708 Thread 0x0000020c597d0410 Unloading class 0x0000020c5b016400 'java/lang/invoke/LambdaForm$MH+0x0000020c5b016400'
Event: 4889.708 Thread 0x0000020c597d0410 Unloading class 0x0000020c5b015400 'java/lang/invoke/LambdaForm$MH+0x0000020c5b015400'
Event: 4889.708 Thread 0x0000020c597d0410 Unloading class 0x0000020c5b014800 'java/lang/invoke/LambdaForm$MH+0x0000020c5b014800'
Event: 4889.708 Thread 0x0000020c597d0410 Unloading class 0x0000020c5b014000 'java/lang/invoke/LambdaForm$MH+0x0000020c5b014000'
Event: 4889.708 Thread 0x0000020c597d0410 Unloading class 0x0000020c5b008c00 'java/lang/invoke/LambdaForm$MH+0x0000020c5b008c00'

Classes redefined (0 events):
No events

Internal exceptions (20 events):
Event: 330.676 Thread 0x0000020ca6a9fd80 Exception <a 'java/lang/ClassNotFoundException'{0x000000070d6e7c40}: org/thymeleaf/engine/AttributeBeanInfo> (0x000000070d6e7c40) 
thrown [s\open\src\hotspot\share\classfile\systemDictionary.cpp, line 312]
Event: 330.678 Thread 0x0000020ca6a9fd80 Exception <a 'java/lang/ClassNotFoundException'{0x000000070d6f0a98}: org/thymeleaf/engine/AttributeCustomizer> (0x000000070d6f0a98) 
thrown [s\open\src\hotspot\share\classfile\systemDictionary.cpp, line 312]
Event: 330.683 Thread 0x0000020ca6a9fd80 Exception <a 'java/lang/ClassNotFoundException'{0x000000070d7220b8}: org/thymeleaf/standard/processor/StandardWithTagProcessorBeanInfo> (0x000000070d7220b8) 
thrown [s\open\src\hotspot\share\classfile\systemDictionary.cpp, line 312]
Event: 330.685 Thread 0x0000020ca6a9fd80 Exception <a 'java/lang/ClassNotFoundException'{0x000000070d72b2d8}: org/thymeleaf/standard/processor/StandardWithTagProcessorCustomizer> (0x000000070d72b2d8) 
thrown [s\open\src\hotspot\share\classfile\systemDictionary.cpp, line 312]
Event: 330.689 Thread 0x0000020ca6a9fd80 Exception <a 'java/lang/ClassNotFoundException'{0x000000070d74a4f0}: org/thymeleaf/engine/HTMLAttributeDefinitionBeanInfo> (0x000000070d74a4f0) 
thrown [s\open\src\hotspot\share\classfile\systemDictionary.cpp, line 312]
Event: 330.690 Thread 0x0000020ca6a9fd80 Exception <a 'java/lang/ClassNotFoundException'{0x000000070d753618}: org/thymeleaf/engine/AttributeDefinitionBeanInfo> (0x000000070d753618) 
thrown [s\open\src\hotspot\share\classfile\systemDictionary.cpp, line 312]
Event: 330.691 Thread 0x0000020ca6a9fd80 Exception <a 'java/lang/ClassNotFoundException'{0x000000070d75c578}: org/thymeleaf/engine/AttributeDefinitionCustomizer> (0x000000070d75c578) 
thrown [s\open\src\hotspot\share\classfile\systemDictionary.cpp, line 312]
Event: 330.693 Thread 0x0000020ca6a9fd80 Exception <a 'java/lang/ClassNotFoundException'{0x000000070d76aeb0}: org/thymeleaf/engine/HTMLAttributeDefinitionCustomizer> (0x000000070d76aeb0) 
thrown [s\open\src\hotspot\share\classfile\systemDictionary.cpp, line 312]
Event: 330.704 Thread 0x0000020ca6a9fd80 Exception <a 'java/lang/ClassNotFoundException'{0x000000070d7e7210}: org/thymeleaf/engine/ElementModelStructureHandlerBeanInfo> (0x000000070d7e7210) 
thrown [s\open\src\hotspot\share\classfile\systemDictionary.cpp, line 312]
Event: 330.706 Thread 0x0000020ca6a9fd80 Exception <a 'java/lang/ClassNotFoundException'{0x000000070d7ef3c0}: org/thymeleaf/engine/ElementModelStructureHandlerCustomizer> (0x000000070d7ef3c0) 
thrown [s\open\src\hotspot\share\classfile\systemDictionary.cpp, line 312]
Event: 330.707 Thread 0x0000020ca6a9fd80 Exception <a 'java/lang/NoSuchMethodError'{0x000000070d7fc118}: 'void java.lang.invoke.DirectMethodHandle$Holder.invokeStaticInit(java.lang.Object, java.lang.Object, java.lang.Object, java.lang.Object, int)'> (0x000000070d7fc118) 
thrown [s\open\src\hotspot\share\interpreter\linkResolver.cpp, line 773]
Event: 330.707 Thread 0x0000020ca6a9fd80 Exception <a 'java/lang/NoSuchMethodError'{0x000000070d403ab8}: 'void java.lang.invoke.DelegatingMethodHandle$Holder.reinvoke_L(java.lang.Object, java.lang.Object, java.lang.Object, java.lang.Object, int)'> (0x000000070d403ab8) 
thrown [s\open\src\hotspot\share\interpreter\linkResolver.cpp, line 773]
Event: 330.714 Thread 0x0000020ca6a9fd80 Exception <a 'java/lang/ClassNotFoundException'{0x000000070d448330}: java/util/Collections$UnmodifiableRandomAccessListBeanInfo> (0x000000070d448330) 
thrown [s\open\src\hotspot\share\classfile\systemDictionary.cpp, line 312]
Event: 330.716 Thread 0x0000020ca6a9fd80 Exception <a 'java/lang/ClassNotFoundException'{0x000000070d44e518}: java/util/Collections$UnmodifiableListBeanInfo> (0x000000070d44e518) 
thrown [s\open\src\hotspot\share\classfile\systemDictionary.cpp, line 312]
Event: 330.717 Thread 0x0000020ca6a9fd80 Exception <a 'java/lang/ClassNotFoundException'{0x000000070d4543b0}: java/util/Collections$UnmodifiableListCustomizer> (0x000000070d4543b0) 
thrown [s\open\src\hotspot\share\classfile\systemDictionary.cpp, line 312]
Event: 330.720 Thread 0x0000020ca6a9fd80 Exception <a 'java/lang/ClassNotFoundException'{0x000000070d497a88}: java/util/Collections$UnmodifiableRandomAccessListCustomizer> (0x000000070d497a88) 
thrown [s\open\src\hotspot\share\classfile\systemDictionary.cpp, line 312]
Event: 5384.541 Thread 0x0000020ca38b4d50 Implicit null exception at 0x0000020c4a8a8de0 to 0x0000020c4a8a91cc
Event: 5385.542 Thread 0x0000020ca38b4d50 Implicit null exception at 0x0000020c4a8a8de0 to 0x0000020c4a8a91cc
Event: 5386.545 Thread 0x0000020ca38b4d50 Implicit null exception at 0x0000020c4a8a8de0 to 0x0000020c4a8a91cc
Event: 5387.550 Thread 0x0000020ca38b4d50 Implicit null exception at 0x0000020c4a8a8de0 to 0x0000020c4a8a91cc

ZGC Phase Switch (0 events):
No events

VM Operations (20 events):
Event: 4264.403 Executing VM operation: Cleanup
Event: 4264.403 Executing VM operation: Cleanup done
Event: 4449.672 Executing VM operation: Cleanup
Event: 4449.672 Executing VM operation: Cleanup done
Event: 4889.606 Executing VM operation: G1CollectForAllocation (G1 Evacuation Pause)
Event: 4889.617 Executing VM operation: G1CollectForAllocation (G1 Evacuation Pause) done
Event: 4889.694 Executing VM operation: G1PauseRemark
Event: 4889.815 Executing VM operation: G1PauseRemark done
Event: 4889.862 Executing VM operation: G1PauseCleanup
Event: 4889.863 Executing VM operation: G1PauseCleanup done
Event: 5323.295 Executing VM operation: Cleanup
Event: 5323.295 Executing VM operation: Cleanup done
Event: 5357.538 Executing VM operation: Cleanup
Event: 5357.538 Executing VM operation: Cleanup done
Event: 5364.611 Executing VM operation: Cleanup
Event: 5364.612 Executing VM operation: Cleanup done
Event: 5402.125 Executing VM operation: HandshakeAllThreads (HandshakeForDeflation)
Event: 5402.125 Executing VM operation: HandshakeAllThreads (HandshakeForDeflation) done
Event: 5402.125 Executing VM operation: RendezvousGCThreads
Event: 5402.125 Executing VM operation: RendezvousGCThreads done

Events (20 events):
Event: 5313.716 Thread 0x0000020ca2874500 Thread added: 0x0000020ca2874500
Event: 5313.716 Thread 0x0000020ca286d570 Thread added: 0x0000020ca286d570
Event: 5318.730 Thread 0x0000020ca2874500 Thread exited: 0x0000020ca2874500
Event: 5318.735 Thread 0x0000020ca286d570 Thread exited: 0x0000020ca286d570
Event: 5323.094 Thread 0x0000020ca286e290 Thread added: 0x0000020ca286e290
Event: 5323.095 Thread 0x0000020ca2874500 Thread added: 0x0000020ca2874500
Event: 5331.568 Thread 0x0000020ca286e290 Thread exited: 0x0000020ca286e290
Event: 5331.573 Thread 0x0000020ca2874500 Thread exited: 0x0000020ca2874500
Event: 5344.513 Thread 0x0000020ca2874500 Thread added: 0x0000020ca2874500
Event: 5344.513 Thread 0x0000020ca286d570 Thread added: 0x0000020ca286d570
Event: 5349.531 Thread 0x0000020ca2874500 Thread exited: 0x0000020ca2874500
Event: 5349.535 Thread 0x0000020ca286d570 Thread exited: 0x0000020ca286d570
Event: 5357.486 Thread 0x0000020ca286e290 Thread added: 0x0000020ca286e290
Event: 5357.486 Thread 0x0000020ca2872430 Thread added: 0x0000020ca2872430
Event: 5362.506 Thread 0x0000020ca2872430 Thread exited: 0x0000020ca2872430
Event: 5362.506 Thread 0x0000020ca286e290 Thread exited: 0x0000020ca286e290
Event: 5364.411 Thread 0x0000020ca2871080 Thread added: 0x0000020ca2871080
Event: 5364.411 Thread 0x0000020ca2872430 Thread added: 0x0000020ca2872430
Event: 5376.382 Thread 0x0000020ca2871080 Thread exited: 0x0000020ca2871080
Event: 5376.402 Thread 0x0000020ca2872430 Thread exited: 0x0000020ca2872430


Dynamic libraries:
0x00007ff781e60000 - 0x00007ff781e70000 	C:\Program Files\Java\jdk-21\bin\java.exe
0x00007ffe86c10000 - 0x00007ffe86e08000 	C:\Windows\SYSTEM32\ntdll.dll
0x00007ffe4f030000 - 0x00007ffe4f049000 	C:\Program Files\Avast Software\Avast\aswhook.dll
0x00007ffe85490000 - 0x00007ffe8554d000 	C:\Windows\System32\KERNEL32.DLL
0x00007ffe846d0000 - 0x00007ffe849c6000 	C:\Windows\System32\KERNELBASE.dll
0x00007ffe84470000 - 0x00007ffe84570000 	C:\Windows\System32\ucrtbase.dll
0x00007ffe78850000 - 0x00007ffe78869000 	C:\Program Files\Java\jdk-21\bin\jli.dll
0x00007ffe65230000 - 0x00007ffe6524b000 	C:\Program Files\Java\jdk-21\bin\VCRUNTIME140.dll
0x00007ffe85e50000 - 0x00007ffe85f00000 	C:\Windows\System32\ADVAPI32.dll
0x00007ffe85550000 - 0x00007ffe855ee000 	C:\Windows\System32\msvcrt.dll
0x00007ffe855f0000 - 0x00007ffe85690000 	C:\Windows\System32\sechost.dll
0x00007ffe85360000 - 0x00007ffe85485000 	C:\Windows\System32\RPCRT4.dll
0x00007ffe84a80000 - 0x00007ffe84aa7000 	C:\Windows\System32\bcrypt.dll
0x00007ffe84d60000 - 0x00007ffe84efe000 	C:\Windows\System32\USER32.dll
0x00007ffe84ab0000 - 0x00007ffe84ad2000 	C:\Windows\System32\win32u.dll
0x00007ffe83780000 - 0x00007ffe83a1a000 	C:\Windows\WinSxS\amd64_microsoft.windows.common-controls_6595b64144ccf1df_6.0.19041.3636_none_60b6a03d71f818d5\COMCTL32.dll
0x00007ffe85e20000 - 0x00007ffe85e4b000 	C:\Windows\System32\GDI32.dll
0x00007ffe842c0000 - 0x00007ffe843d7000 	C:\Windows\System32\gdi32full.dll
0x00007ffe845c0000 - 0x00007ffe8465d000 	C:\Windows\System32\msvcp_win.dll
0x00007ffe81ca0000 - 0x00007ffe81caa000 	C:\Windows\SYSTEM32\VERSION.dll
0x00007ffe86b90000 - 0x00007ffe86bc2000 	C:\Windows\System32\IMM32.DLL
0x00007ffe7d3a0000 - 0x00007ffe7d3ac000 	C:\Program Files\Java\jdk-21\bin\vcruntime140_1.dll
0x00007ffe471d0000 - 0x00007ffe4725e000 	C:\Program Files\Java\jdk-21\bin\msvcp140.dll
0x00007ffde3e60000 - 0x00007ffde4b73000 	C:\Program Files\Java\jdk-21\bin\server\jvm.dll
0x00007ffe86b00000 - 0x00007ffe86b6b000 	C:\Windows\System32\WS2_32.dll
0x00007ffe84120000 - 0x00007ffe8416b000 	C:\Windows\SYSTEM32\POWRPROF.dll
0x00007ffe4e6b0000 - 0x00007ffe4e6d7000 	C:\Windows\SYSTEM32\WINMM.dll
0x00007ffe84100000 - 0x00007ffe84112000 	C:\Windows\SYSTEM32\UMPDC.dll
0x00007ffe81cc0000 - 0x00007ffe81cd2000 	C:\Windows\SYSTEM32\kernel.appcore.dll
0x00007ffe7aa70000 - 0x00007ffe7aa7a000 	C:\Program Files\Java\jdk-21\bin\jimage.dll
0x00007ffe83c30000 - 0x00007ffe83e14000 	C:\Windows\SYSTEM32\DBGHELP.DLL
0x00007ffe83bf0000 - 0x00007ffe83c24000 	C:\Windows\SYSTEM32\dbgcore.DLL
0x00007ffe843e0000 - 0x00007ffe84462000 	C:\Windows\System32\bcryptPrimitives.dll
0x00007ffe78f70000 - 0x00007ffe78fac000 	C:\Program Files\Java\jdk-21\bin\jdwp.dll
0x00007ffe4ac90000 - 0x00007ffe4acaf000 	C:\Program Files\Java\jdk-21\bin\java.dll
0x00007ffe85f00000 - 0x00007ffe8666b000 	C:\Windows\System32\SHELL32.dll
0x00007ffe81240000 - 0x00007ffe819de000 	C:\Windows\SYSTEM32\windows.storage.dll
0x00007ffe85750000 - 0x00007ffe85aa3000 	C:\Windows\System32\combase.dll
0x00007ffe834b0000 - 0x00007ffe834de000 	C:\Windows\SYSTEM32\Wldp.dll
0x00007ffe85120000 - 0x00007ffe851ed000 	C:\Windows\System32\OLEAUT32.dll
0x00007ffe856a0000 - 0x00007ffe8574d000 	C:\Windows\System32\SHCORE.dll
0x00007ffe84f00000 - 0x00007ffe84f55000 	C:\Windows\System32\shlwapi.dll
0x00007ffe841f0000 - 0x00007ffe84215000 	C:\Windows\SYSTEM32\profapi.dll
0x00007ffe470f0000 - 0x00007ffe471c7000 	C:\Program Files\Java\jdk-21\bin\jsvml.dll
0x00007ffe7d430000 - 0x00007ffe7d43c000 	C:\Program Files\Java\jdk-21\bin\dt_socket.dll
0x00007ffe82fa0000 - 0x00007ffe82fdb000 	C:\Windows\SYSTEM32\IPHLPAPI.DLL
0x00007ffe83290000 - 0x00007ffe832fa000 	C:\Windows\system32\mswsock.dll
0x00007ffe82fe0000 - 0x00007ffe830ab000 	C:\Windows\SYSTEM32\DNSAPI.dll
0x00007ffe86670000 - 0x00007ffe86678000 	C:\Windows\System32\NSI.dll
0x00007ffe7b280000 - 0x00007ffe7b28a000 	C:\Windows\System32\rasadhlp.dll
0x00007ffe798e0000 - 0x00007ffe79960000 	C:\Windows\System32\fwpuclnt.dll
0x00007ffe4c4b0000 - 0x00007ffe4c4c0000 	C:\Program Files\Java\jdk-21\bin\net.dll
0x00007ffe7b720000 - 0x00007ffe7b82a000 	C:\Windows\SYSTEM32\WINHTTP.dll
0x00007ffe470d0000 - 0x00007ffe470e6000 	C:\Program Files\Java\jdk-21\bin\nio.dll
0x00007ffe470b0000 - 0x00007ffe470c8000 	C:\Program Files\Java\jdk-21\bin\zip.dll
0x00007ffe7abb0000 - 0x00007ffe7abba000 	C:\Program Files\Java\jdk-21\bin\management.dll
0x00007ffe7aba0000 - 0x00007ffe7abab000 	C:\Program Files\Java\jdk-21\bin\management_ext.dll
0x00007ffe86af0000 - 0x00007ffe86af8000 	C:\Windows\System32\PSAPI.DLL
0x00007ffe7ab90000 - 0x00007ffe7ab9e000 	C:\Program Files\Java\jdk-21\bin\sunmscapi.dll
0x00007ffe84ae0000 - 0x00007ffe84c3d000 	C:\Windows\System32\CRYPT32.dll
0x00007ffe83660000 - 0x00007ffe83688000 	C:\Windows\SYSTEM32\ncrypt.dll
0x00007ffe83620000 - 0x00007ffe8365b000 	C:\Windows\SYSTEM32\NTASN1.dll
0x00007ffe83fc0000 - 0x00007ffe83fd8000 	C:\Windows\SYSTEM32\CRYPTSP.dll
0x00007ffe82c40000 - 0x00007ffe82c74000 	C:\Windows\system32\rsaenh.dll
0x00007ffe84170000 - 0x00007ffe8419e000 	C:\Windows\SYSTEM32\USERENV.dll
0x00007ffe83420000 - 0x00007ffe8342c000 	C:\Windows\SYSTEM32\CRYPTBASE.dll
0x00007ffe79310000 - 0x00007ffe79320000 	C:\Program Files\Java\jdk-21\bin\verify.dll
0x00007ffe79300000 - 0x00007ffe79307000 	C:\Program Files\Java\jdk-21\bin\extnet.dll
0x00007ffe7aaa0000 - 0x00007ffe7aaa7000 	C:\Windows\system32\wshunix.dll

dbghelp: loaded successfully - version: 4.0.5 - missing functions: none
symbol engine: initialized successfully - sym options: 0x614 - pdb path: .;C:\Program Files\Java\jdk-21\bin;C:\Windows\SYSTEM32;C:\Program Files\Avast Software\Avast;C:\Windows\WinSxS\amd64_microsoft.windows.common-controls_6595b64144ccf1df_6.0.19041.3636_none_60b6a03d71f818d5;C:\Program Files\Java\jdk-21\bin\server

VM Arguments:
jvm_args: -agentlib:jdwp=transport=dt_socket,server=n,suspend=y,address=localhost:61356 -XX:+ShowCodeDetailsInExceptionMessages 
java_command: com.example.demo.DemoApplication
java_class_path (initial): C:\Users\HP\Documents\GLSID S4\jee spring frameworkd\springweb\demo\target\classes;C:\Users\HP\.m2\repository\org\springframework\boot\spring-boot-starter-data-jpa\3.2.3\spring-boot-starter-data-jpa-3.2.3.jar;C:\Users\HP\.m2\repository\org\springframework\boot\spring-boot-starter-aop\3.2.3\spring-boot-starter-aop-3.2.3.jar;C:\Users\HP\.m2\repository\org\aspectj\aspectjweaver\1.9.21\aspectjweaver-1.9.21.jar;C:\Users\HP\.m2\repository\org\springframework\boot\spring-boot-starter-jdbc\3.2.3\spring-boot-starter-jdbc-3.2.3.jar;C:\Users\HP\.m2\repository\com\zaxxer\HikariCP\5.0.1\HikariCP-5.0.1.jar;C:\Users\HP\.m2\repository\org\springframework\spring-jdbc\6.1.4\spring-jdbc-6.1.4.jar;C:\Users\HP\.m2\repository\org\hibernate\orm\hibernate-core\6.4.4.Final\hibernate-core-6.4.4.Final.jar;C:\Users\HP\.m2\repository\jakarta\persistence\jakarta.persistence-api\3.1.0\jakarta.persistence-api-3.1.0.jar;C:\Users\HP\.m2\repository\jakarta\transaction\jakarta.transaction-api\2.0.1\jakarta.transaction-api-2.0.1.jar;C:\Users\HP\.m2\repository\org\jboss\logging\jboss-logging\3.5.3.Final\jboss-logging-3.5.3.Final.jar;C:\Users\HP\.m2\repository\org\hibernate\common\hibernate-commons-annotations\6.0.6.Final\hibernate-commons-annotations-6.0.6.Final.jar;C:\Users\HP\.m2\repository\io\smallrye\jandex\3.1.2\jandex-3.1.2.jar;C:\Users\HP\.m2\repository\com\fasterxml\classmate\1.6.0\classmate-1.6.0.jar;C:\Users\HP\.m2\repository\net\bytebuddy\byte-buddy\1.14.12\byte-buddy-1.14.12.jar;C:\Users\HP\.m2\repository\org\glassfish\jaxb\jaxb-runtime\4.0.4\jaxb-runtime-4.0.4.jar;C:\Users\HP\.m2\repository\org\glassfish\jaxb\jaxb-core\4.0.4\jaxb-core-4.0.4.jar;C:\Users\HP\.m2\repository\org\eclipse\angus\angus-activation\2.0.1\angus-activation-2.0.1.jar;C:\Users\HP\.m2\repository\org\glassfish\jaxb\txw2\4.0.4\txw2-4.0.4.jar;C:\Users\HP\.m2\repository\com\sun\istack\istack-commons-runtime\4.1.2\istack-commons-runtime-4.1.2.jar;C:\Users\HP\.m2\repository\jakarta\inject\jakarta.inject-api\2.0.1\jakarta.inject-api-2.0.1.jar;C:\Users\HP\.m2\repository\org\antlr\antlr4-runtime\4.13.0\antlr4-runtime-4.13.0.jar;C:\Users\HP\.m2\repository\org\springframework\data\spring-data-jpa\3.2.3\spring-data-jpa-3.2.3.jar;C:\Users\HP\.m2\repository\org\springframework\data\spring-data-commons\3.2.3\spring-data-commons-3.2.3.jar;C:\Users\HP\.m2\repository\org\springframework\spring-orm\6.1.4\spring-orm-6.1.4.jar;C:\Users\HP\.m2\repository\org\springframework\spring-context\6.1.4\spring-context-6.1.4.jar;C:\Users\HP\.m2\repository\org\springframework\spring-tx\6.1.4\spring-tx-6.1.4.jar;C:\Users\HP\.m2\repository\org\springframework\spring-beans\6.1.4\spring-beans-6.1.4.jar;C:\Users\HP\.m2\repository\jakarta\annotation\jakarta.annotation-api\2.1.1\jakarta.annotation-api-2.1.1.jar;C:\Users\HP\.m2\repository\org\springframework\spring-aspects\6.1.4\spring-aspects-6.1.4.jar;C:\Users\HP\.m2\repository\org\springframework\boot\spring-boot-starter-thymeleaf\3.2.3\spring-boot-starter-thymeleaf-3.2.3.jar;C:\Users\HP\.m2\repository\org\springframework\boot\spring-boot-starter\3.2.3\spring-boot-starter-3.2.3.jar;C:\Users\HP\.m2\repository\org\springframework\boot\spring-boot-starter-logging\3.2.3\spring-boot-starter-logging-3.2.3.jar;C:\Users\HP\.m2\repository\ch\qos\logback\logback-classic\1.4.14\logback-classic-1.4.14.jar;C:\Users\HP\.m2\repository\ch\qos\logback\logback-core\1.4.14\logback-core-1.4.14.jar;C:\Users\HP\.m2\repository\org\apache\logging\log4j\log4j-to-slf4j\2.21.1\log4j-to-slf4j-2.21.1.jar;C:\Users\HP\.m2\repository\org\apache\logging\log4j\log4j-api\2.21.1\log4j-api-2.21.1.jar;C:\Users\HP\.m2\repository\org\slf4j\jul-to-slf4j\2.0.12\jul-to-slf4j-2.0.12.jar;C:\Users\HP\.m2\repository\org\yaml\snakeyaml\2.2\snakeyaml-2.2.jar;C:\Users\HP\.m2\repository\org\thymeleaf\thymeleaf-spring6\3.1.2.RELEASE\thymeleaf-spring6-3.1.2.RELEASE.jar;C:\Users\HP\.m2\repository\org\springframework\boot\spring-boot-starter-web\3.2.3\spring-boot-starter-web-3.2.3.jar;C:\Users\HP\.m2\repository\org\springframework\boot\spring-boot-starter-json\3.2.3\spring-boot-starter-json-3.2.3.jar;C:\Users\HP\.m2\repository\com\fasterxml\jackson\core\jackson-databind\2.15.4\jackson-databind-2.15.4.jar;C:\Users\HP\.m2\repository\com\fasterxml\jackson\core\jackson-annotations\2.15.4\jackson-annotations-2.15.4.jar;C:\Users\HP\.m2\repository\com\fasterxml\jackson\core\jackson-core\2.15.4\jackson-core-2.15.4.jar;C:\Users\HP\.m2\repository\com\fasterxml\jackson\datatype\jackson-datatype-jdk8\2.15.4\jackson-datatype-jdk8-2.15.4.jar;C:\Users\HP\.m2\repository\com\fasterxml\jackson\datatype\jackson-datatype-jsr310\2.15.4\jackson-datatype-jsr310-2.15.4.jar;C:\Users\HP\.m2\repository\com\fasterxml\jackson\module\jackson-module-parameter-names\2.15.4\jackson-module-parameter-names-2.15.4.jar;C:\Users\HP\.m2\repository\org\springframework\boot\spring-boot-starter-tomcat\3.2.3\spring-boot-starter-tomcat-3.2.3.jar;C:\Users\HP\.m2\repository\org\apache\tomcat\embed\tomcat-embed-core\10.1.19\tomcat-embed-core-10.1.19.jar;C:\Users\HP\.m2\repository\org\apache\tomcat\embed\tomcat-embed-el\10.1.19\tomcat-embed-el-10.1.19.jar;C:\Users\HP\.m2\repository\org\apache\tomcat\embed\tomcat-embed-websocket\10.1.19\tomcat-embed-websocket-10.1.19.jar;C:\Users\HP\.m2\repository\org\springframework\spring-web\6.1.4\spring-web-6.1.4.jar;C:\Users\HP\.m2\repository\io\micrometer\micrometer-observation\1.12.3\micrometer-observation-1.12.3.jar;C:\Users\HP\.m2\repository\io\micrometer\micrometer-commons\1.12.3\micrometer-commons-1.12.3.jar;C:\Users\HP\.m2\repository\org\springframework\spring-webmvc\6.1.4\spring-webmvc-6.1.4.jar;C:\Users\HP\.m2\repository\org\springframework\spring-expression\6.1.4\spring-expression-6.1.4.jar;C:\Users\HP\.m2\repository\org\springframework\boot\spring-boot-devtools\3.2.3\spring-boot-devtools-3.2.3.jar;C:\Users\HP\.m2\repository\org\springframework\boot\spring-boot\3.2.3\spring-boot-3.2.3.jar;C:\Users\HP\.m2\repository\org\springframework\boot\spring-boot-autoconfigure\3.2.3\spring-boot-autoconfigure-3.2.3.jar;C:\Users\HP\.m2\repository\org\projectlombok\lombok\1.18.30\lombok-1.18.30.jar;C:\Users\HP\.m2\repository\jakarta\xml\bind\jakarta.xml.bind-api\4.0.1\jakarta.xml.bind-api-4.0.1.jar;C:\Users\HP\.m2\repository\jakarta\activation\jakarta.activation-api\2.1.2\jakarta.activation-api-2.1.2.jar;C:\Users\HP\.m2\repository\org\springframework\spring-core\6.1.4\spring-core-6.1.4.jar;C:\Users\HP\.m2\repository\org\springframework\spring-jcl\6.1.4\spring-jcl-6.1.4.jar;C:\Users\HP\.m2\repository\org\springframework\boot\spring-boot-starter-security\3.2.3\spring-boot-starter-security-3.2.3.jar;C:\Users\HP\.m2\repository\org\springframework\spring-aop\6.1.4\spring-aop-6.1.4.jar;C:\Users\HP\.m2\repository\org\springframework\security\spring-security-config\6.2.2\spring-security-config-6.2.2.jar;C:\Users\HP\.m2\repository\org\springframework\security\spring-security-core\6.2.2\spring-security-core-6.2.2.jar;C:\Users\HP\.m2\repository\org\springframework\security\spring-security-crypto\6.2.2\spring-security-crypto-6.2.2.jar;C:\Users\HP\.m2\repository\org\springframework\security\spring-security-web\6.2.2\spring-security-web-6.2.2.jar;C:\Users\HP\.m2\repository\org\thymeleaf\extras\thymeleaf-extras-springsecurity6\3.1.2.RELEASE\thymeleaf-extras-springsecurity6-3.1.2.RELEASE.jar;C:\Users\HP\.m2\repository\org\slf4j\slf4j-api\2.0.12\slf4j-api-2.0.12.jar;C:\Users\HP\.m2\repository\nz\net\ultraq\thymeleaf\thymeleaf-layout-dialect\3.3.0\thymeleaf-layout-dialect-3.3.0.jar;C:\Users\HP\.m2\repository\org\apache\groovy\groovy\4.0.18\groovy-4.0.18.jar;C:\Users\HP\.m2\repository\nz\net\ultraq\groovy\groovy-extensions\2.1.0\groovy-extensions-2.1.0.jar;C:\Users\HP\.m2\repository\nz\net\ultraq\thymeleaf\thymeleaf-expression-processor\3.2.0\thymeleaf-expression-processor-3.2.0.jar;C:\Users\HP\.m2\repository\org\thymeleaf\thymeleaf\3.1.2.RELEASE\thymeleaf-3.1.2.RELEASE.jar;C:\Users\HP\.m2\repository\ognl\ognl\3.3.4\ognl-3.3.4.jar;C:\Users\HP\.m2\repository\org\javassist\javassist\3.29.0-GA\javassist-3.29.0-GA.jar;C:\Users\HP\.m2\repository\org\attoparser\attoparser\2.0.7.RELEASE\attoparser-2.0.7.RELEASE.jar;C:\Users\HP\.m2\repository\org\unbescape\unbescape\1.1.6.RELEASE\unbescape-1.1.6.RELEASE.jar;C:\Users\HP\.m2\repository\org\webjars\bootstrap\5.3.3\bootstrap-5.3.3.jar;C:\Users\HP\.m2\repository\mysql\mysql-connector-java\8.0.27\mysql-connector-java-8.0.27.jar;C:\Users\HP\.m2\repository\com\google\protobuf\protobuf-java\3.11.4\protobuf-java-3.11.4.jar
Launcher Type: SUN_STANDARD

[Global flags]
     intx CICompilerCount                          = 4                                         {product} {ergonomic}
     uint ConcGCThreads                            = 2                                         {product} {ergonomic}
     uint G1ConcRefinementThreads                  = 8                                         {product} {ergonomic}
   size_t G1HeapRegionSize                         = 2097152                                   {product} {ergonomic}
    uintx GCDrainStackTargetSize                   = 64                                        {product} {ergonomic}
   size_t InitialHeapSize                          = 260046848                                 {product} {ergonomic}
   size_t MarkStackSize                            = 4194304                                   {product} {ergonomic}
   size_t MaxHeapSize                              = 4129292288                                {product} {ergonomic}
   size_t MaxNewSize                               = 2476736512                                {product} {ergonomic}
   size_t MinHeapDeltaBytes                        = 2097152                                   {product} {ergonomic}
   size_t MinHeapSize                              = 8388608                                   {product} {ergonomic}
    uintx NonNMethodCodeHeapSize                   = 5839372                                {pd product} {ergonomic}
    uintx NonProfiledCodeHeapSize                  = 122909434                              {pd product} {ergonomic}
    uintx ProfiledCodeHeapSize                     = 122909434                              {pd product} {ergonomic}
    uintx ReservedCodeCacheSize                    = 251658240                              {pd product} {ergonomic}
     bool SegmentedCodeCache                       = true                                      {product} {ergonomic}
     bool ShowCodeDetailsInExceptionMessages       = true                                   {manageable} {command line}
   size_t SoftMaxHeapSize                          = 4129292288                             {manageable} {ergonomic}
     bool UseCompressedOops                        = true                           {product lp64_product} {ergonomic}
     bool UseG1GC                                  = true                                      {product} {ergonomic}
     bool UseLargePagesIndividualAllocation        = false                                  {pd product} {ergonomic}

Logging:
Log output configuration:
 #0: stdout all=warning uptime,level,tags foldmultilines=false
 #1: stderr all=off uptime,level,tags foldmultilines=false

Environment Variables:
JAVA_HOME=C:\Program Files\Java\jdk-21
PATH=C:\Oracle19c\bin;C:\Users\HP\Downloads\WINDOWS.X64_193000_db_home\bin;C:\Python312\Scripts\;C:\Python312\;C:\Program Files\Common Files\Oracle\Java\javapath;C:\Python311\Scripts\;C:\Python311\;C:\Windows\system32;C:\Windows;C:\Windows\System32\Wbem;C:\Windows\System32\WindowsPowerShell\v1.0\;C:\Windows\System32\OpenSSH\;C:\ProgramData\chocolatey\bin;C:\Program Files (x86)\Java\jre-1.8\bin;C:\xampp\php;C:\composer;C:\Program Files\Git\cmd;C:\Program Files\nodejs\;C:\Users\HP\Downloads\flex-master\flex-master\lib;C:\Users\HP\Downloads\flex-2.6.4\flex-2.6.4\lib;C:\Program Files\Docker\Docker\resources\bin;C:\Program Files\Maven\apache-maven-3.8.4\apache-maven-3.9.6\bin;C:\Program Files\dotnet\;C:\Program Files (x86)\Intel\Intel(R) Management Engine Components\DAL;C:\Program Files\Intel\Intel(R) Management Engine Components\DAL;C:\Program Files (x86)\Bluetooth Command Line Tools\bin;C:\Program Files\GitHub CLI\;C:\Users\HP\AppData\Local\Microsoft\WindowsApps;C:\Users\HP\AppData\Local\Programs\Microsoft VS Code\bin;C:\Users\HP\AppData\Roaming\Composer\vendor\bin;C:\msys64\ucrt64\bin;C:\Program Files (x86)\MongoDB Atlas CLI\;C:\Users\HP\AppData\Roaming\npm;C:\Users\HP\Downloads\mongosh-2.0.2-win32-x64\mongosh-2.0.2-win32-x64\bin;C:\Program Files\MongoDB\Server\7.0\bin;C:\Users\HP\Downloads\flex-2.6.0\flex-2.6.0\lib;C:\Users\HP\Desktop\win_flex_bison-latest;C:\ProgramData\HP\gitkraken\bin;C:\Users\HP\.dotnet\tools;C:\Program Files\dotnet;C:\Users\HP\Downloads\platform-tools_r35.0.0-windows\platform-tools;
USERNAME=HP
LANG=en_US.UTF-8
OS=Windows_NT
PROCESSOR_IDENTIFIER=Intel64 Family 6 Model 142 Stepping 10, GenuineIntel
TMP=C:\Users\HP\AppData\Local\Temp
TEMP=C:\Users\HP\AppData\Local\Temp




---------------  S Y S T E M  ---------------

OS:
 Windows 10 , 64 bit Build 19041 (10.0.19041.3636)
OS uptime: 1 days 0:02 hours
Hyper-V role detected

CPU: total 8 (initial active 8) (4 cores per cpu, 2 threads per core) family 6 model 142 stepping 10 microcode 0xf4, cx8, cmov, fxsr, ht, mmx, 3dnowpref, sse, sse2, sse3, ssse3, sse4.1, sse4.2, popcnt, lzcnt, tsc, tscinvbit, avx, avx2, aes, erms, clmul, bmi1, bmi2, adx, fma, vzeroupper, clflush, clflushopt, hv, rdtscp, f16c
Processor Information for all 8 processors :
  Max Mhz: 1992, Current Mhz: 1792, Mhz Limit: 1792

Memory: 4k page, system-wide physical 15747M (3559M free)
TotalPageFile size 19548M (AvailPageFile size 1M)
current process WorkingSet (physical memory assigned to process): 238M, peak: 326M
current process commit charge ("private bytes"): 319M, peak: 408M

vm_info: Java HotSpot(TM) 64-Bit Server VM (21+35-LTS-2513) for windows-amd64 JRE (21+35-LTS-2513), built on 2023-08-09T20:25:10Z by "mach5one" with MS VC++ 17.1 (VS2022)

END.
